2021-11-04T14:10:46.834+0800	INFO	sso/main.go:94	SSO 服务停止
2021-11-04T14:10:46.834+0800	INFO	sso/main.go:80	SSO服务启动成功：	{"Port": 10541}
2021-11-04T14:10:51.142+0800	INFO	sso/main.go:94	SSO 服务停止
2021-11-04T14:10:51.142+0800	INFO	sso/main.go:80	SSO服务启动成功：	{"Port": 10541}
2021-11-04T14:12:29.301+0800	INFO	middlewares/request.go:24	/authorize	{"status": 404, "method": "GET", "path": "/authorize", "query": "client_id=test_client_1&response_type=code&scope=all&state=xyz&redirect_uri=http://localhost:9093/cb", "ip": "::1", "user-agent": "Mozilla/5.0 (Macintosh; Intel Mac OS X 10_15_4) AppleWebKit/537.36 (KHTML, like Gecko) Chrome/95.0.4638.69 Safari/537.36", "errors": "", "cost": 0.000010745}
2021-11-04T14:12:29.629+0800	INFO	middlewares/request.go:24	/authorize	{"status": 404, "method": "GET", "path": "/authorize", "query": "client_id=test_client_1&response_type=code&scope=all&state=xyz&redirect_uri=http://localhost:9093/cb", "ip": "::1", "user-agent": "Mozilla/5.0 (Macintosh; Intel Mac OS X 10_15_4) AppleWebKit/537.36 (KHTML, like Gecko) Chrome/95.0.4638.69 Safari/537.36", "errors": "", "cost": 0.000001033}
2021-11-04T14:12:29.658+0800	INFO	middlewares/request.go:24	/favicon.ico	{"status": 404, "method": "GET", "path": "/favicon.ico", "query": "", "ip": "::1", "user-agent": "Mozilla/5.0 (Macintosh; Intel Mac OS X 10_15_4) AppleWebKit/537.36 (KHTML, like Gecko) Chrome/95.0.4638.69 Safari/537.36", "errors": "", "cost": 0.000001261}
2021-11-04T14:13:53.087+0800	INFO	middlewares/request.go:24	/authorize	{"status": 404, "method": "GET", "path": "/authorize", "query": "client_id=test_client_1&response_type=code&scope=all&state=xyz&redirect_uri=http://localhost:9093/cb", "ip": "::1", "user-agent": "Mozilla/5.0 (Macintosh; Intel Mac OS X 10_15_4) AppleWebKit/537.36 (KHTML, like Gecko) Chrome/95.0.4638.69 Safari/537.36", "errors": "", "cost": 0.00000166}
2021-11-04T14:13:53.190+0800	INFO	middlewares/request.go:24	/authorize	{"status": 404, "method": "GET", "path": "/authorize", "query": "client_id=test_client_1&response_type=code&scope=all&state=xyz&redirect_uri=http://localhost:9093/cb", "ip": "::1", "user-agent": "Mozilla/5.0 (Macintosh; Intel Mac OS X 10_15_4) AppleWebKit/537.36 (KHTML, like Gecko) Chrome/95.0.4638.69 Safari/537.36", "errors": "", "cost": 0.000000917}
2021-11-04T14:14:39.960+0800	INFO	middlewares/request.go:24	/authorize	{"status": 404, "method": "GET", "path": "/authorize", "query": "client_id=test_client_1&response_type=code&scope=all&state=xyz&redirect_uri=http://localhost:9093/cb", "ip": "::1", "user-agent": "Mozilla/5.0 (Macintosh; Intel Mac OS X 10_15_4) AppleWebKit/537.36 (KHTML, like Gecko) Chrome/95.0.4638.69 Safari/537.36", "errors": "", "cost": 0.000000974}
2021-11-04T14:14:40.047+0800	INFO	middlewares/request.go:24	/authorize	{"status": 404, "method": "GET", "path": "/authorize", "query": "client_id=test_client_1&response_type=code&scope=all&state=xyz&redirect_uri=http://localhost:9093/cb", "ip": "::1", "user-agent": "Mozilla/5.0 (Macintosh; Intel Mac OS X 10_15_4) AppleWebKit/537.36 (KHTML, like Gecko) Chrome/95.0.4638.69 Safari/537.36", "errors": "", "cost": 0.000000906}
2021-11-04T14:15:04.640+0800	INFO	middlewares/request.go:24	/authorize	{"status": 404, "method": "GET", "path": "/authorize", "query": "client_id=test_client_1&response_type=code&scope=all&state=xyz&redirect_uri=http://localhost:9093/cb", "ip": "::1", "user-agent": "Mozilla/5.0 (Macintosh; Intel Mac OS X 10_15_4) AppleWebKit/537.36 (KHTML, like Gecko) Chrome/95.0.4638.69 Safari/537.36", "errors": "", "cost": 0.000001589}
2021-11-04T14:15:04.756+0800	INFO	middlewares/request.go:24	/authorize	{"status": 404, "method": "GET", "path": "/authorize", "query": "client_id=test_client_1&response_type=code&scope=all&state=xyz&redirect_uri=http://localhost:9093/cb", "ip": "::1", "user-agent": "Mozilla/5.0 (Macintosh; Intel Mac OS X 10_15_4) AppleWebKit/537.36 (KHTML, like Gecko) Chrome/95.0.4638.69 Safari/537.36", "errors": "", "cost": 0.000001343}
2021-11-04T14:15:39.499+0800	INFO	middlewares/request.go:24	/authorize	{"status": 404, "method": "GET", "path": "/authorize", "query": "client_id=test_client_1&response_type=code&scope=all&state=xyz&redirect_uri=http://localhost:9093/cb", "ip": "::1", "user-agent": "Mozilla/5.0 (Macintosh; Intel Mac OS X 10_15_4) AppleWebKit/537.36 (KHTML, like Gecko) Chrome/95.0.4638.69 Safari/537.36", "errors": "", "cost": 0.000001667}
2021-11-04T14:15:39.612+0800	INFO	middlewares/request.go:24	/authorize	{"status": 404, "method": "GET", "path": "/authorize", "query": "client_id=test_client_1&response_type=code&scope=all&state=xyz&redirect_uri=http://localhost:9093/cb", "ip": "::1", "user-agent": "Mozilla/5.0 (Macintosh; Intel Mac OS X 10_15_4) AppleWebKit/537.36 (KHTML, like Gecko) Chrome/95.0.4638.69 Safari/537.36", "errors": "", "cost": 0.000000961}
2021-11-04T14:17:33.215+0800	INFO	middlewares/request.go:24	/authorize/	{"status": 404, "method": "GET", "path": "/authorize/", "query": "", "ip": "::1", "user-agent": "Mozilla/5.0 (Macintosh; Intel Mac OS X 10_15_4) AppleWebKit/537.36 (KHTML, like Gecko) Chrome/95.0.4638.69 Safari/537.36", "errors": "", "cost": 0.000001161}
2021-11-04T14:17:33.344+0800	INFO	middlewares/request.go:24	/authorize/	{"status": 404, "method": "GET", "path": "/authorize/", "query": "", "ip": "::1", "user-agent": "Mozilla/5.0 (Macintosh; Intel Mac OS X 10_15_4) AppleWebKit/537.36 (KHTML, like Gecko) Chrome/95.0.4638.69 Safari/537.36", "errors": "", "cost": 0.000000864}
2021-11-04T14:17:39.055+0800	INFO	middlewares/request.go:24	/authorize	{"status": 404, "method": "GET", "path": "/authorize", "query": "", "ip": "::1", "user-agent": "Mozilla/5.0 (Macintosh; Intel Mac OS X 10_15_4) AppleWebKit/537.36 (KHTML, like Gecko) Chrome/95.0.4638.69 Safari/537.36", "errors": "", "cost": 0.000000876}
2021-11-04T14:17:39.150+0800	INFO	middlewares/request.go:24	/authorize	{"status": 404, "method": "GET", "path": "/authorize", "query": "", "ip": "::1", "user-agent": "Mozilla/5.0 (Macintosh; Intel Mac OS X 10_15_4) AppleWebKit/537.36 (KHTML, like Gecko) Chrome/95.0.4638.69 Safari/537.36", "errors": "", "cost": 0.000000689}
2021-11-04T14:19:22.601+0800	INFO	middlewares/request.go:24	/authorize	{"status": 404, "method": "GET", "path": "/authorize", "query": "client_id=test_client_1&response_type=code&scope=all&state=xyz&redirect_uri=http://localhost:9093/cb", "ip": "::1", "user-agent": "Mozilla/5.0 (Macintosh; Intel Mac OS X 10_15_4) AppleWebKit/537.36 (KHTML, like Gecko) Chrome/95.0.4638.69 Safari/537.36", "errors": "", "cost": 0.000004788}
2021-11-04T14:19:25.678+0800	ERROR	controllers/sso.go:35	[AuthorizeHandler]：session.Delete	{"error": "invalid_request"}
2021-11-04T14:19:25.678+0800	INFO	middlewares/request.go:24	/authorize	{"status": 404, "method": "GET", "path": "/authorize", "query": "client_id=test_client_1&response_type=code&scope=all&state=xyz&redirect_uri=http://localhost:9093/cb", "ip": "::1", "user-agent": "Mozilla/5.0 (Macintosh; Intel Mac OS X 10_15_4) AppleWebKit/537.36 (KHTML, like Gecko) Chrome/95.0.4638.69 Safari/537.36", "errors": "", "cost": 0.000000965}
2021-11-04T14:19:25.678+0800	INFO	middlewares/request.go:24	/api/v1/authorize	{"status": 200, "method": "GET", "path": "/api/v1/authorize", "query": "", "ip": "::1", "user-agent": "Mozilla/5.0 (Macintosh; Intel Mac OS X 10_15_4) AppleWebKit/537.36 (KHTML, like Gecko) Chrome/95.0.4638.69 Safari/537.36", "errors": "", "cost": 20.066240952}
2021-11-04T14:20:52.847+0800	INFO	middlewares/request.go:24	/authorize	{"status": 404, "method": "GET", "path": "/authorize", "query": "client_id=test_client_1&response_type=code&scope=all&state=xyz&redirect_uri=http://localhost:9093/cb", "ip": "::1", "user-agent": "Mozilla/5.0 (Macintosh; Intel Mac OS X 10_15_4) AppleWebKit/537.36 (KHTML, like Gecko) Chrome/95.0.4638.69 Safari/537.36", "errors": "", "cost": 0.000001493}
2021-11-04T14:20:52.930+0800	INFO	middlewares/request.go:24	/authorize	{"status": 404, "method": "GET", "path": "/authorize", "query": "client_id=test_client_1&response_type=code&scope=all&state=xyz&redirect_uri=http://localhost:9093/cb", "ip": "::1", "user-agent": "Mozilla/5.0 (Macintosh; Intel Mac OS X 10_15_4) AppleWebKit/537.36 (KHTML, like Gecko) Chrome/95.0.4638.69 Safari/537.36", "errors": "", "cost": 0.00000094}
2021-11-04T14:20:57.090+0800	INFO	middlewares/request.go:24	/authorize	{"status": 404, "method": "GET", "path": "/authorize", "query": "client_id=test_client_1&response_type=code&scope=all&state=xyz&redirect_uri=http://localhost:9093/cb", "ip": "::1", "user-agent": "Mozilla/5.0 (Macintosh; Intel Mac OS X 10_15_4) AppleWebKit/537.36 (KHTML, like Gecko) Chrome/95.0.4638.69 Safari/537.36", "errors": "", "cost": 0.000001108}
2021-11-04T14:20:57.158+0800	INFO	middlewares/request.go:24	/authorize	{"status": 404, "method": "GET", "path": "/authorize", "query": "client_id=test_client_1&response_type=code&scope=all&state=xyz&redirect_uri=http://localhost:9093/cb", "ip": "::1", "user-agent": "Mozilla/5.0 (Macintosh; Intel Mac OS X 10_15_4) AppleWebKit/537.36 (KHTML, like Gecko) Chrome/95.0.4638.69 Safari/537.36", "errors": "", "cost": 0.000000988}
2021-11-04T14:21:48.479+0800	INFO	middlewares/request.go:24	/authorize	{"status": 404, "method": "GET", "path": "/authorize", "query": "client_id=test_client_1&response_type=code&scope=all&state=xyz&redirect_uri=http://localhost:9093/cb", "ip": "::1", "user-agent": "Mozilla/5.0 (Macintosh; Intel Mac OS X 10_15_4) AppleWebKit/537.36 (KHTML, like Gecko) Chrome/95.0.4638.69 Safari/537.36", "errors": "", "cost": 0.000001505}
2021-11-04T14:21:48.686+0800	INFO	middlewares/request.go:24	/authorize	{"status": 404, "method": "GET", "path": "/authorize", "query": "client_id=test_client_1&response_type=code&scope=all&state=xyz&redirect_uri=http://localhost:9093/cb", "ip": "::1", "user-agent": "Mozilla/5.0 (Macintosh; Intel Mac OS X 10_15_4) AppleWebKit/537.36 (KHTML, like Gecko) Chrome/95.0.4638.69 Safari/537.36", "errors": "", "cost": 0.000000873}
2021-11-04T14:22:29.300+0800	INFO	middlewares/request.go:24	/api/v1/authorize	{"status": 302, "method": "GET", "path": "/api/v1/authorize", "query": "client_id=test_client_1&response_type=code&scope=all&state=xyz&redirect_uri=http://localhost:9093/cb", "ip": "::1", "user-agent": "Mozilla/5.0 (Macintosh; Intel Mac OS X 10_15_4) AppleWebKit/537.36 (KHTML, like Gecko) Chrome/95.0.4638.69 Safari/537.36", "errors": "", "cost": 28.473434414}
2021-11-04T14:22:29.312+0800	INFO	middlewares/request.go:24	/login	{"status": 404, "method": "GET", "path": "/login", "query": "", "ip": "::1", "user-agent": "Mozilla/5.0 (Macintosh; Intel Mac OS X 10_15_4) AppleWebKit/537.36 (KHTML, like Gecko) Chrome/95.0.4638.69 Safari/537.36", "errors": "", "cost": 0.000000903}
2021-11-04T14:22:29.419+0800	INFO	middlewares/request.go:24	/login	{"status": 404, "method": "GET", "path": "/login", "query": "", "ip": "::1", "user-agent": "Mozilla/5.0 (Macintosh; Intel Mac OS X 10_15_4) AppleWebKit/537.36 (KHTML, like Gecko) Chrome/95.0.4638.69 Safari/537.36", "errors": "", "cost": 0.000000969}
2021-11-04T14:23:17.868+0800	INFO	middlewares/request.go:24	/authorize	{"status": 404, "method": "GET", "path": "/authorize", "query": "client_id=test_client_1&response_type=code&scope=all&state=xyz&redirect_uri=http://localhost:9093/cb", "ip": "::1", "user-agent": "Mozilla/5.0 (Macintosh; Intel Mac OS X 10_15_4) AppleWebKit/537.36 (KHTML, like Gecko) Chrome/95.0.4638.69 Safari/537.36", "errors": "", "cost": 0.000001375}
2021-11-04T14:23:20.907+0800	INFO	middlewares/request.go:24	/authorize	{"status": 404, "method": "GET", "path": "/authorize", "query": "client_id=test_client_1&response_type=code&scope=all&state=xyz&redirect_uri=http://localhost:9093/cb", "ip": "::1", "user-agent": "Mozilla/5.0 (Macintosh; Intel Mac OS X 10_15_4) AppleWebKit/537.36 (KHTML, like Gecko) Chrome/95.0.4638.69 Safari/537.36", "errors": "", "cost": 0.000001164}
2021-11-04T14:23:20.974+0800	INFO	middlewares/request.go:24	/authorize	{"status": 404, "method": "GET", "path": "/authorize", "query": "client_id=test_client_1&response_type=code&scope=all&state=xyz&redirect_uri=http://localhost:9093/cb", "ip": "::1", "user-agent": "Mozilla/5.0 (Macintosh; Intel Mac OS X 10_15_4) AppleWebKit/537.36 (KHTML, like Gecko) Chrome/95.0.4638.69 Safari/537.36", "errors": "", "cost": 0.000001222}
2021-11-04T14:23:38.352+0800	INFO	middlewares/request.go:24	/api/v1/authorize	{"status": 302, "method": "GET", "path": "/api/v1/authorize", "query": "client_id=test_client_1&response_type=code&scope=all&state=xyz&redirect_uri=http://localhost:9093/cb", "ip": "::1", "user-agent": "Mozilla/5.0 (Macintosh; Intel Mac OS X 10_15_4) AppleWebKit/537.36 (KHTML, like Gecko) Chrome/95.0.4638.69 Safari/537.36", "errors": "", "cost": 4.708104192}
2021-11-04T14:23:51.808+0800	ERROR	controllers/sso.go:76	[LoginHandler]：bad scope
2021-11-04T14:23:51.808+0800	INFO	middlewares/request.go:24	/api/v1/login	{"status": 200, "method": "GET", "path": "/api/v1/login", "query": "", "ip": "::1", "user-agent": "Mozilla/5.0 (Macintosh; Intel Mac OS X 10_15_4) AppleWebKit/537.36 (KHTML, like Gecko) Chrome/95.0.4638.69 Safari/537.36", "errors": "", "cost": 13.447123363}
2021-11-04T14:24:06.815+0800	ERROR	controllers/sso.go:76	[LoginHandler]：bad scope
2021-11-04T14:24:06.817+0800	INFO	middlewares/request.go:24	/api/v1/login	{"status": 200, "method": "GET", "path": "/api/v1/login", "query": "", "ip": "::1", "user-agent": "Mozilla/5.0 (Macintosh; Intel Mac OS X 10_15_4) AppleWebKit/537.36 (KHTML, like Gecko) Chrome/95.0.4638.69 Safari/537.36", "errors": "", "cost": 4.156635826}
2021-11-04T14:24:43.034+0800	INFO	middlewares/request.go:24	/authorize	{"status": 404, "method": "GET", "path": "/authorize", "query": "client_id=test_client_1&response_type=code&scope=all&state=xyz&redirect_uri=http://localhost:9093/cb", "ip": "::1", "user-agent": "Mozilla/5.0 (Macintosh; Intel Mac OS X 10_15_4) AppleWebKit/537.36 (KHTML, like Gecko) Chrome/95.0.4638.69 Safari/537.36", "errors": "", "cost": 0.000000927}
2021-11-04T14:25:04.189+0800	INFO	middlewares/request.go:24	/api/v1/authorize	{"status": 302, "method": "GET", "path": "/api/v1/authorize", "query": "client_id=test_client_1&response_type=code&scope=all&state=xyz&redirect_uri=http://localhost:9093/cb", "ip": "::1", "user-agent": "Mozilla/5.0 (Macintosh; Intel Mac OS X 10_15_4) AppleWebKit/537.36 (KHTML, like Gecko) Chrome/95.0.4638.69 Safari/537.36", "errors": "", "cost": 14.464505062}
2021-11-04T14:26:37.608+0800	INFO	middlewares/request.go:24	/api/v1/authorize	{"status": 302, "method": "GET", "path": "/api/v1/authorize", "query": "client_id=test_client_1&response_type=code&scope=all&state=xyz&redirect_uri=http://localhost:9093/cb", "ip": "::1", "user-agent": "Mozilla/5.0 (Macintosh; Intel Mac OS X 10_15_4) AppleWebKit/537.36 (KHTML, like Gecko) Chrome/95.0.4638.69 Safari/537.36", "errors": "", "cost": 3.567605188}
2021-11-04T14:28:32.334+0800	INFO	middlewares/request.go:24	/api/v1/authorize	{"status": 302, "method": "GET", "path": "/api/v1/authorize", "query": "client_id=client_1&response_type=code&scope=all&state=xyz&redirect_uri=http://localhost:9093/cb", "ip": "::1", "user-agent": "Mozilla/5.0 (Macintosh; Intel Mac OS X 10_15_4) AppleWebKit/537.36 (KHTML, like Gecko) Chrome/95.0.4638.69 Safari/537.36", "errors": "", "cost": 3.515311699}
2021-11-04T14:29:21.356+0800	ERROR	controllers/sso.go:87	[LoginHandler]：template parse error
2021-11-04T14:29:21.356+0800	INFO	middlewares/request.go:24	/api/v1/login	{"status": 200, "method": "GET", "path": "/api/v1/login", "query": "", "ip": "::1", "user-agent": "Mozilla/5.0 (Macintosh; Intel Mac OS X 10_15_4) AppleWebKit/537.36 (KHTML, like Gecko) Chrome/95.0.4638.69 Safari/537.36", "errors": "", "cost": 49.011835751}
2021-11-04T14:31:51.491+0800	ERROR	controllers/sso.go:93	[LoginHandler]：template execute error
2021-11-04T14:31:51.493+0800	INFO	middlewares/request.go:24	/api/v1/login	{"status": 200, "method": "GET", "path": "/api/v1/login", "query": "", "ip": "::1", "user-agent": "Mozilla/5.0 (Macintosh; Intel Mac OS X 10_15_4) AppleWebKit/537.36 (KHTML, like Gecko) Chrome/95.0.4638.69 Safari/537.36", "errors": "", "cost": 5.651219337}
2021-11-04T14:31:51.605+0800	INFO	middlewares/request.go:24	/static/icon/feather.svg	{"status": 404, "method": "GET", "path": "/static/icon/feather.svg", "query": "", "ip": "::1", "user-agent": "Mozilla/5.0 (Macintosh; Intel Mac OS X 10_15_4) AppleWebKit/537.36 (KHTML, like Gecko) Chrome/95.0.4638.69 Safari/537.36", "errors": "", "cost": 0.000001342}
2021-11-04T14:33:06.039+0800	ERROR	controllers/sso.go:93	[LoginHandler]：template execute error
2021-11-04T14:33:06.039+0800	INFO	middlewares/request.go:24	/api/v1/login	{"status": 200, "method": "GET", "path": "/api/v1/login", "query": "", "ip": "::1", "user-agent": "Mozilla/5.0 (Macintosh; Intel Mac OS X 10_15_4) AppleWebKit/537.36 (KHTML, like Gecko) Chrome/95.0.4638.69 Safari/537.36", "errors": "", "cost": 66.097189631}
2021-11-04T14:33:06.160+0800	INFO	middlewares/request.go:24	/static/icon/feather.svg	{"status": 404, "method": "GET", "path": "/static/icon/feather.svg", "query": "", "ip": "::1", "user-agent": "Mozilla/5.0 (Macintosh; Intel Mac OS X 10_15_4) AppleWebKit/537.36 (KHTML, like Gecko) Chrome/95.0.4638.69 Safari/537.36", "errors": "", "cost": 0.000001447}
2021-11-04T14:33:47.150+0800	INFO	middlewares/request.go:24	/api/v1/authorize	{"status": 302, "method": "GET", "path": "/api/v1/authorize", "query": "client_id=client_1&response_type=code&scope=all&state=xyz&redirect_uri=http://localhost:9093/cb", "ip": "::1", "user-agent": "Mozilla/5.0 (Macintosh; Intel Mac OS X 10_15_4) AppleWebKit/537.36 (KHTML, like Gecko) Chrome/95.0.4638.69 Safari/537.36", "errors": "", "cost": 3.782366035}
2021-11-04T14:33:52.708+0800	ERROR	controllers/sso.go:93	[LoginHandler]：template execute error
2021-11-04T14:33:52.708+0800	INFO	middlewares/request.go:24	/api/v1/login	{"status": 200, "method": "GET", "path": "/api/v1/login", "query": "", "ip": "::1", "user-agent": "Mozilla/5.0 (Macintosh; Intel Mac OS X 10_15_4) AppleWebKit/537.36 (KHTML, like Gecko) Chrome/95.0.4638.69 Safari/537.36", "errors": "", "cost": 5.545065555}
2021-11-04T14:33:52.943+0800	INFO	middlewares/request.go:24	/static/icon/feather.svg	{"status": 404, "method": "GET", "path": "/static/icon/feather.svg", "query": "", "ip": "::1", "user-agent": "Mozilla/5.0 (Macintosh; Intel Mac OS X 10_15_4) AppleWebKit/537.36 (KHTML, like Gecko) Chrome/95.0.4638.69 Safari/537.36", "errors": "", "cost": 0.000000833}
2021-11-04T14:39:10.503+0800	INFO	middlewares/request.go:24	/api/v1/authorize	{"status": 302, "method": "GET", "path": "/api/v1/authorize", "query": "client_id=client_1&response_type=code&scope=all&state=xyz&redirect_uri=http://localhost:9093/cb", "ip": "::1", "user-agent": "Mozilla/5.0 (Macintosh; Intel Mac OS X 10_15_4) AppleWebKit/537.36 (KHTML, like Gecko) Chrome/95.0.4638.69 Safari/537.36", "errors": "", "cost": 5.251087251}
2021-11-04T14:39:10.514+0800	ERROR	controllers/sso.go:93	[LoginHandler]：template execute error
2021-11-04T14:39:10.515+0800	INFO	middlewares/request.go:24	/api/v1/login	{"status": 200, "method": "GET", "path": "/api/v1/login", "query": "", "ip": "::1", "user-agent": "Mozilla/5.0 (Macintosh; Intel Mac OS X 10_15_4) AppleWebKit/537.36 (KHTML, like Gecko) Chrome/95.0.4638.69 Safari/537.36", "errors": "", "cost": 0.001870349}
2021-11-04T14:39:10.651+0800	INFO	middlewares/request.go:24	/static/icon/feather.svg	{"status": 404, "method": "GET", "path": "/static/icon/feather.svg", "query": "", "ip": "::1", "user-agent": "Mozilla/5.0 (Macintosh; Intel Mac OS X 10_15_4) AppleWebKit/537.36 (KHTML, like Gecko) Chrome/95.0.4638.69 Safari/537.36", "errors": "", "cost": 0.000000881}
2021-11-04T14:39:23.067+0800	ERROR	controllers/sso.go:93	[LoginHandler]：template execute error
2021-11-04T14:39:23.067+0800	INFO	middlewares/request.go:24	/api/v1/login	{"status": 200, "method": "GET", "path": "/api/v1/login", "query": "", "ip": "::1", "user-agent": "Mozilla/5.0 (Macintosh; Intel Mac OS X 10_15_4) AppleWebKit/537.36 (KHTML, like Gecko) Chrome/95.0.4638.69 Safari/537.36", "errors": "", "cost": 0.003009558}
2021-11-04T14:39:23.236+0800	INFO	middlewares/request.go:24	/static/icon/feather.svg	{"status": 404, "method": "GET", "path": "/static/icon/feather.svg", "query": "", "ip": "::1", "user-agent": "Mozilla/5.0 (Macintosh; Intel Mac OS X 10_15_4) AppleWebKit/537.36 (KHTML, like Gecko) Chrome/95.0.4638.69 Safari/537.36", "errors": "", "cost": 0.000000824}
2021-11-04T14:40:05.911+0800	ERROR	controllers/sso.go:93	[LoginHandler]：template execute error
2021-11-04T14:40:05.911+0800	INFO	middlewares/request.go:24	/api/v1/login	{"status": 200, "method": "GET", "path": "/api/v1/login", "query": "", "ip": "::1", "user-agent": "Mozilla/5.0 (Macintosh; Intel Mac OS X 10_15_4) AppleWebKit/537.36 (KHTML, like Gecko) Chrome/95.0.4638.69 Safari/537.36", "errors": "", "cost": 0.00146319}
2021-11-04T14:40:06.439+0800	INFO	middlewares/request.go:24	/static/icon/feather.svg	{"status": 404, "method": "GET", "path": "/static/icon/feather.svg", "query": "", "ip": "::1", "user-agent": "Mozilla/5.0 (Macintosh; Intel Mac OS X 10_15_4) AppleWebKit/537.36 (KHTML, like Gecko) Chrome/95.0.4638.69 Safari/537.36", "errors": "", "cost": 0.000000797}
2021-11-04T14:40:08.600+0800	ERROR	controllers/sso.go:93	[LoginHandler]：template execute error
2021-11-04T14:40:08.600+0800	INFO	middlewares/request.go:24	/api/v1/login	{"status": 200, "method": "GET", "path": "/api/v1/login", "query": "", "ip": "::1", "user-agent": "Mozilla/5.0 (Macintosh; Intel Mac OS X 10_15_4) AppleWebKit/537.36 (KHTML, like Gecko) Chrome/95.0.4638.69 Safari/537.36", "errors": "", "cost": 0.001357524}
2021-11-04T14:40:08.768+0800	INFO	middlewares/request.go:24	/static/icon/feather.svg	{"status": 404, "method": "GET", "path": "/static/icon/feather.svg", "query": "", "ip": "::1", "user-agent": "Mozilla/5.0 (Macintosh; Intel Mac OS X 10_15_4) AppleWebKit/537.36 (KHTML, like Gecko) Chrome/95.0.4638.69 Safari/537.36", "errors": "", "cost": 0.0000009}
2021-11-04T14:40:09.665+0800	ERROR	controllers/sso.go:93	[LoginHandler]：template execute error
2021-11-04T14:40:09.665+0800	INFO	middlewares/request.go:24	/api/v1/login	{"status": 200, "method": "GET", "path": "/api/v1/login", "query": "", "ip": "::1", "user-agent": "Mozilla/5.0 (Macintosh; Intel Mac OS X 10_15_4) AppleWebKit/537.36 (KHTML, like Gecko) Chrome/95.0.4638.69 Safari/537.36", "errors": "", "cost": 0.000994151}
2021-11-04T14:40:09.854+0800	INFO	middlewares/request.go:24	/static/icon/feather.svg	{"status": 404, "method": "GET", "path": "/static/icon/feather.svg", "query": "", "ip": "::1", "user-agent": "Mozilla/5.0 (Macintosh; Intel Mac OS X 10_15_4) AppleWebKit/537.36 (KHTML, like Gecko) Chrome/95.0.4638.69 Safari/537.36", "errors": "", "cost": 0.000001216}
2021-11-04T14:40:10.821+0800	ERROR	controllers/sso.go:93	[LoginHandler]：template execute error
2021-11-04T14:40:10.821+0800	INFO	middlewares/request.go:24	/api/v1/login	{"status": 200, "method": "GET", "path": "/api/v1/login", "query": "", "ip": "::1", "user-agent": "Mozilla/5.0 (Macintosh; Intel Mac OS X 10_15_4) AppleWebKit/537.36 (KHTML, like Gecko) Chrome/95.0.4638.69 Safari/537.36", "errors": "", "cost": 0.002632817}
2021-11-04T14:40:10.957+0800	INFO	middlewares/request.go:24	/static/icon/feather.svg	{"status": 404, "method": "GET", "path": "/static/icon/feather.svg", "query": "", "ip": "::1", "user-agent": "Mozilla/5.0 (Macintosh; Intel Mac OS X 10_15_4) AppleWebKit/537.36 (KHTML, like Gecko) Chrome/95.0.4638.69 Safari/537.36", "errors": "", "cost": 0.000000734}
2021-11-04T14:40:13.636+0800	ERROR	controllers/sso.go:93	[LoginHandler]：template execute error
2021-11-04T14:40:13.637+0800	INFO	middlewares/request.go:24	/api/v1/login	{"status": 200, "method": "GET", "path": "/api/v1/login", "query": "", "ip": "::1", "user-agent": "Mozilla/5.0 (Macintosh; Intel Mac OS X 10_15_4) AppleWebKit/537.36 (KHTML, like Gecko) Chrome/95.0.4638.69 Safari/537.36", "errors": "", "cost": 0.002560286}
2021-11-04T14:40:13.825+0800	INFO	middlewares/request.go:24	/static/icon/feather.svg	{"status": 404, "method": "GET", "path": "/static/icon/feather.svg", "query": "", "ip": "::1", "user-agent": "Mozilla/5.0 (Macintosh; Intel Mac OS X 10_15_4) AppleWebKit/537.36 (KHTML, like Gecko) Chrome/95.0.4638.69 Safari/537.36", "errors": "", "cost": 0.000001069}
2021-11-04T14:40:15.213+0800	ERROR	controllers/sso.go:93	[LoginHandler]：template execute error
2021-11-04T14:40:15.213+0800	INFO	middlewares/request.go:24	/api/v1/login	{"status": 200, "method": "GET", "path": "/api/v1/login", "query": "", "ip": "::1", "user-agent": "Mozilla/5.0 (Macintosh; Intel Mac OS X 10_15_4) AppleWebKit/537.36 (KHTML, like Gecko) Chrome/95.0.4638.69 Safari/537.36", "errors": "", "cost": 0.004079461}
2021-11-04T14:40:15.381+0800	INFO	middlewares/request.go:24	/static/icon/feather.svg	{"status": 404, "method": "GET", "path": "/static/icon/feather.svg", "query": "", "ip": "::1", "user-agent": "Mozilla/5.0 (Macintosh; Intel Mac OS X 10_15_4) AppleWebKit/537.36 (KHTML, like Gecko) Chrome/95.0.4638.69 Safari/537.36", "errors": "", "cost": 0.000000914}
2021-11-04T14:40:16.583+0800	ERROR	controllers/sso.go:93	[LoginHandler]：template execute error
2021-11-04T14:40:16.584+0800	INFO	middlewares/request.go:24	/api/v1/login	{"status": 200, "method": "GET", "path": "/api/v1/login", "query": "", "ip": "::1", "user-agent": "Mozilla/5.0 (Macintosh; Intel Mac OS X 10_15_4) AppleWebKit/537.36 (KHTML, like Gecko) Chrome/95.0.4638.69 Safari/537.36", "errors": "", "cost": 0.001962308}
2021-11-04T14:40:16.771+0800	INFO	middlewares/request.go:24	/static/icon/feather.svg	{"status": 404, "method": "GET", "path": "/static/icon/feather.svg", "query": "", "ip": "::1", "user-agent": "Mozilla/5.0 (Macintosh; Intel Mac OS X 10_15_4) AppleWebKit/537.36 (KHTML, like Gecko) Chrome/95.0.4638.69 Safari/537.36", "errors": "", "cost": 0.000000954}
2021-11-04T14:40:18.051+0800	ERROR	controllers/sso.go:93	[LoginHandler]：template execute error
2021-11-04T14:40:18.051+0800	INFO	middlewares/request.go:24	/api/v1/login	{"status": 200, "method": "GET", "path": "/api/v1/login", "query": "", "ip": "::1", "user-agent": "Mozilla/5.0 (Macintosh; Intel Mac OS X 10_15_4) AppleWebKit/537.36 (KHTML, like Gecko) Chrome/95.0.4638.69 Safari/537.36", "errors": "", "cost": 0.003412635}
2021-11-04T14:40:18.225+0800	INFO	middlewares/request.go:24	/static/icon/feather.svg	{"status": 404, "method": "GET", "path": "/static/icon/feather.svg", "query": "", "ip": "::1", "user-agent": "Mozilla/5.0 (Macintosh; Intel Mac OS X 10_15_4) AppleWebKit/537.36 (KHTML, like Gecko) Chrome/95.0.4638.69 Safari/537.36", "errors": "", "cost": 0.000000778}
2021-11-04T14:40:19.337+0800	ERROR	controllers/sso.go:93	[LoginHandler]：template execute error
2021-11-04T14:40:19.337+0800	INFO	middlewares/request.go:24	/api/v1/login	{"status": 200, "method": "GET", "path": "/api/v1/login", "query": "", "ip": "::1", "user-agent": "Mozilla/5.0 (Macintosh; Intel Mac OS X 10_15_4) AppleWebKit/537.36 (KHTML, like Gecko) Chrome/95.0.4638.69 Safari/537.36", "errors": "", "cost": 0.002251603}
2021-11-04T14:40:19.494+0800	INFO	middlewares/request.go:24	/static/icon/feather.svg	{"status": 404, "method": "GET", "path": "/static/icon/feather.svg", "query": "", "ip": "::1", "user-agent": "Mozilla/5.0 (Macintosh; Intel Mac OS X 10_15_4) AppleWebKit/537.36 (KHTML, like Gecko) Chrome/95.0.4638.69 Safari/537.36", "errors": "", "cost": 0.000001002}
2021-11-04T14:40:20.650+0800	ERROR	controllers/sso.go:93	[LoginHandler]：template execute error
2021-11-04T14:40:20.650+0800	INFO	middlewares/request.go:24	/api/v1/login	{"status": 200, "method": "GET", "path": "/api/v1/login", "query": "", "ip": "::1", "user-agent": "Mozilla/5.0 (Macintosh; Intel Mac OS X 10_15_4) AppleWebKit/537.36 (KHTML, like Gecko) Chrome/95.0.4638.69 Safari/537.36", "errors": "", "cost": 0.001723138}
2021-11-04T14:40:20.838+0800	INFO	middlewares/request.go:24	/static/icon/feather.svg	{"status": 404, "method": "GET", "path": "/static/icon/feather.svg", "query": "", "ip": "::1", "user-agent": "Mozilla/5.0 (Macintosh; Intel Mac OS X 10_15_4) AppleWebKit/537.36 (KHTML, like Gecko) Chrome/95.0.4638.69 Safari/537.36", "errors": "", "cost": 0.000000738}
2021-11-04T14:48:49.196+0800	ERROR	controllers/sso.go:93	[LoginHandler]：template execute error
2021-11-04T14:48:49.196+0800	INFO	middlewares/request.go:24	/api/v1/login	{"status": 200, "method": "GET", "path": "/api/v1/login", "query": "", "ip": "::1", "user-agent": "Mozilla/5.0 (Macintosh; Intel Mac OS X 10_15_4) AppleWebKit/537.36 (KHTML, like Gecko) Chrome/95.0.4638.69 Safari/537.36", "errors": "", "cost": 0.001768809}
2021-11-04T14:48:49.401+0800	INFO	middlewares/request.go:24	/static/icon/feather.svg	{"status": 404, "method": "GET", "path": "/static/icon/feather.svg", "query": "", "ip": "::1", "user-agent": "Mozilla/5.0 (Macintosh; Intel Mac OS X 10_15_4) AppleWebKit/537.36 (KHTML, like Gecko) Chrome/95.0.4638.69 Safari/537.36", "errors": "", "cost": 0.000000916}
2021-11-04T14:51:30.642+0800	ERROR	controllers/sso.go:93	[LoginHandler]：template execute error
2021-11-04T14:51:30.643+0800	INFO	middlewares/request.go:24	/api/v1/login	{"status": 200, "method": "GET", "path": "/api/v1/login", "query": "", "ip": "::1", "user-agent": "Mozilla/5.0 (Macintosh; Intel Mac OS X 10_15_4) AppleWebKit/537.36 (KHTML, like Gecko) Chrome/95.0.4638.69 Safari/537.36", "errors": "", "cost": 0.003524158}
2021-11-04T14:51:30.831+0800	INFO	middlewares/request.go:24	/static/icon/feather.svg	{"status": 404, "method": "GET", "path": "/static/icon/feather.svg", "query": "", "ip": "::1", "user-agent": "Mozilla/5.0 (Macintosh; Intel Mac OS X 10_15_4) AppleWebKit/537.36 (KHTML, like Gecko) Chrome/95.0.4638.69 Safari/537.36", "errors": "", "cost": 0.000000867}
2021-11-04T14:51:38.960+0800	ERROR	controllers/sso.go:93	[LoginHandler]：template execute error
2021-11-04T14:51:38.960+0800	INFO	middlewares/request.go:24	/api/v1/login	{"status": 200, "method": "GET", "path": "/api/v1/login", "query": "", "ip": "::1", "user-agent": "Mozilla/5.0 (Macintosh; Intel Mac OS X 10_15_4) AppleWebKit/537.36 (KHTML, like Gecko) Chrome/95.0.4638.69 Safari/537.36", "errors": "", "cost": 0.002755874}
2021-11-04T14:51:39.091+0800	INFO	middlewares/request.go:24	/static/icon/feather.svg	{"status": 404, "method": "GET", "path": "/static/icon/feather.svg", "query": "", "ip": "::1", "user-agent": "Mozilla/5.0 (Macintosh; Intel Mac OS X 10_15_4) AppleWebKit/537.36 (KHTML, like Gecko) Chrome/95.0.4638.69 Safari/537.36", "errors": "", "cost": 0.00000075}
2021-11-04T14:51:51.970+0800	INFO	middlewares/request.go:24	/api/v1/authorize	{"status": 302, "method": "GET", "path": "/api/v1/authorize", "query": "client_id=client_1&response_type=code&scope=all&state=xyz&redirect_uri=http://localhost:9093/cb", "ip": "::1", "user-agent": "Mozilla/5.0 (Macintosh; Intel Mac OS X 10_15_4) AppleWebKit/537.36 (KHTML, like Gecko) Chrome/95.0.4638.69 Safari/537.36", "errors": "", "cost": 0.005186447}
2021-11-04T14:51:51.976+0800	ERROR	controllers/sso.go:93	[LoginHandler]：template execute error
2021-11-04T14:51:51.976+0800	INFO	middlewares/request.go:24	/api/v1/login	{"status": 200, "method": "GET", "path": "/api/v1/login", "query": "", "ip": "::1", "user-agent": "Mozilla/5.0 (Macintosh; Intel Mac OS X 10_15_4) AppleWebKit/537.36 (KHTML, like Gecko) Chrome/95.0.4638.69 Safari/537.36", "errors": "", "cost": 0.00141652}
2021-11-04T14:51:51.997+0800	INFO	middlewares/request.go:24	/static/icon/feather.svg	{"status": 404, "method": "GET", "path": "/static/icon/feather.svg", "query": "", "ip": "::1", "user-agent": "Mozilla/5.0 (Macintosh; Intel Mac OS X 10_15_4) AppleWebKit/537.36 (KHTML, like Gecko) Chrome/95.0.4638.69 Safari/537.36", "errors": "", "cost": 0.000000798}
2021-11-04T14:53:47.966+0800	ERROR	controllers/sso.go:93	[LoginHandler]：template execute error
2021-11-04T14:53:47.967+0800	INFO	middlewares/request.go:24	/api/v1/login	{"status": 200, "method": "GET", "path": "/api/v1/login", "query": "", "ip": "::1", "user-agent": "Mozilla/5.0 (Macintosh; Intel Mac OS X 10_15_4) AppleWebKit/537.36 (KHTML, like Gecko) Chrome/95.0.4638.69 Safari/537.36", "errors": "", "cost": 0.002789024}
2021-11-04T14:53:50.201+0800	ERROR	controllers/sso.go:93	[LoginHandler]：template execute error
2021-11-04T14:53:50.201+0800	INFO	middlewares/request.go:24	/api/v1/login	{"status": 200, "method": "GET", "path": "/api/v1/login", "query": "", "ip": "::1", "user-agent": "Mozilla/5.0 (Macintosh; Intel Mac OS X 10_15_4) AppleWebKit/537.36 (KHTML, like Gecko) Chrome/95.0.4638.69 Safari/537.36", "errors": "", "cost": 0.001355007}
2021-11-04T14:53:51.099+0800	ERROR	controllers/sso.go:93	[LoginHandler]：template execute error
2021-11-04T14:53:51.099+0800	INFO	middlewares/request.go:24	/api/v1/login	{"status": 200, "method": "GET", "path": "/api/v1/login", "query": "", "ip": "::1", "user-agent": "Mozilla/5.0 (Macintosh; Intel Mac OS X 10_15_4) AppleWebKit/537.36 (KHTML, like Gecko) Chrome/95.0.4638.69 Safari/537.36", "errors": "", "cost": 0.000884845}
2021-11-04T14:53:51.864+0800	ERROR	controllers/sso.go:93	[LoginHandler]：template execute error
2021-11-04T14:53:51.864+0800	INFO	middlewares/request.go:24	/api/v1/login	{"status": 200, "method": "GET", "path": "/api/v1/login", "query": "", "ip": "::1", "user-agent": "Mozilla/5.0 (Macintosh; Intel Mac OS X 10_15_4) AppleWebKit/537.36 (KHTML, like Gecko) Chrome/95.0.4638.69 Safari/537.36", "errors": "", "cost": 0.000698466}
2021-11-04T14:54:05.879+0800	ERROR	controllers/sso.go:93	[LoginHandler]：template execute error
2021-11-04T14:54:05.880+0800	INFO	middlewares/request.go:24	/api/v1/login	{"status": 200, "method": "GET", "path": "/api/v1/login", "query": "", "ip": "::1", "user-agent": "Mozilla/5.0 (Macintosh; Intel Mac OS X 10_15_4) AppleWebKit/537.36 (KHTML, like Gecko) Chrome/95.0.4638.69 Safari/537.36", "errors": "", "cost": 0.001481502}
2021-11-04T14:54:14.619+0800	ERROR	controllers/sso.go:93	[LoginHandler]：template execute error
2021-11-04T14:54:14.619+0800	INFO	middlewares/request.go:24	/api/v1/login	{"status": 200, "method": "GET", "path": "/api/v1/login", "query": "", "ip": "::1", "user-agent": "Mozilla/5.0 (Macintosh; Intel Mac OS X 10_15_4) AppleWebKit/537.36 (KHTML, like Gecko) Chrome/95.0.4638.69 Safari/537.36", "errors": "", "cost": 0.001021695}
2021-11-04T14:54:29.881+0800	INFO	middlewares/request.go:24	/api/v1/login	{"status": 200, "method": "GET", "path": "/api/v1/login", "query": "", "ip": "::1", "user-agent": "Mozilla/5.0 (Macintosh; Intel Mac OS X 10_15_4) AppleWebKit/537.36 (KHTML, like Gecko) Chrome/95.0.4638.69 Safari/537.36", "errors": "", "cost": 0.000615946}
2021-11-04T14:54:59.641+0800	ERROR	controllers/sso.go:93	[LoginHandler]：template execute error
2021-11-04T14:54:59.641+0800	INFO	middlewares/request.go:24	/api/v1/login	{"status": 200, "method": "GET", "path": "/api/v1/login", "query": "", "ip": "::1", "user-agent": "Mozilla/5.0 (Macintosh; Intel Mac OS X 10_15_4) AppleWebKit/537.36 (KHTML, like Gecko) Chrome/95.0.4638.69 Safari/537.36", "errors": "", "cost": 0.000733042}
2021-11-04T14:55:00.480+0800	ERROR	controllers/sso.go:93	[LoginHandler]：template execute error
2021-11-04T14:55:00.480+0800	INFO	middlewares/request.go:24	/api/v1/login	{"status": 200, "method": "GET", "path": "/api/v1/login", "query": "", "ip": "::1", "user-agent": "Mozilla/5.0 (Macintosh; Intel Mac OS X 10_15_4) AppleWebKit/537.36 (KHTML, like Gecko) Chrome/95.0.4638.69 Safari/537.36", "errors": "", "cost": 0.000803874}
2021-11-04T14:55:01.279+0800	ERROR	controllers/sso.go:93	[LoginHandler]：template execute error
2021-11-04T14:55:01.279+0800	INFO	middlewares/request.go:24	/api/v1/login	{"status": 200, "method": "GET", "path": "/api/v1/login", "query": "", "ip": "::1", "user-agent": "Mozilla/5.0 (Macintosh; Intel Mac OS X 10_15_4) AppleWebKit/537.36 (KHTML, like Gecko) Chrome/95.0.4638.69 Safari/537.36", "errors": "", "cost": 0.000641372}
2021-11-04T14:56:01.260+0800	INFO	middlewares/request.go:24	/api/v1/login	{"status": 200, "method": "GET", "path": "/api/v1/login", "query": "", "ip": "::1", "user-agent": "Mozilla/5.0 (Macintosh; Intel Mac OS X 10_15_4) AppleWebKit/537.36 (KHTML, like Gecko) Chrome/95.0.4638.69 Safari/537.36", "errors": "", "cost": 0.000915027}
2021-11-04T14:56:50.421+0800	INFO	middlewares/request.go:24	/api/v1/login	{"status": 200, "method": "GET", "path": "/api/v1/login", "query": "", "ip": "::1", "user-agent": "Mozilla/5.0 (Macintosh; Intel Mac OS X 10_15_4) AppleWebKit/537.36 (KHTML, like Gecko) Chrome/95.0.4638.69 Safari/537.36", "errors": "", "cost": 0.000854206}
2021-11-04T14:57:03.190+0800	INFO	middlewares/request.go:24	/api/v1/login	{"status": 200, "method": "GET", "path": "/api/v1/login", "query": "", "ip": "::1", "user-agent": "Mozilla/5.0 (Macintosh; Intel Mac OS X 10_15_4) AppleWebKit/537.36 (KHTML, like Gecko) Chrome/95.0.4638.69 Safari/537.36", "errors": "", "cost": 0.000617905}
2021-11-04T14:57:05.481+0800	INFO	middlewares/request.go:24	/api/v1/login	{"status": 200, "method": "GET", "path": "/api/v1/login", "query": "", "ip": "::1", "user-agent": "Mozilla/5.0 (Macintosh; Intel Mac OS X 10_15_4) AppleWebKit/537.36 (KHTML, like Gecko) Chrome/95.0.4638.69 Safari/537.36", "errors": "", "cost": 0.000592773}
2021-11-04T14:59:04.796+0800	INFO	middlewares/request.go:24	/api/v1/login	{"status": 200, "method": "GET", "path": "/api/v1/login", "query": "", "ip": "::1", "user-agent": "Mozilla/5.0 (Macintosh; Intel Mac OS X 10_15_4) AppleWebKit/537.36 (KHTML, like Gecko) Chrome/95.0.4638.69 Safari/537.36", "errors": "", "cost": 0.001246111}
2021-11-04T14:59:04.968+0800	INFO	middlewares/request.go:24	/api/v1/login	{"status": 200, "method": "GET", "path": "/api/v1/login", "query": "", "ip": "::1", "user-agent": "Mozilla/5.0 (Macintosh; Intel Mac OS X 10_15_4) AppleWebKit/537.36 (KHTML, like Gecko) Chrome/95.0.4638.69 Safari/537.36", "errors": "", "cost": 0.001044048}
2021-11-04T15:00:28.588+0800	INFO	middlewares/request.go:24	/api/v1/login	{"status": 200, "method": "GET", "path": "/api/v1/login", "query": "", "ip": "::1", "user-agent": "Mozilla/5.0 (Macintosh; Intel Mac OS X 10_15_4) AppleWebKit/537.36 (KHTML, like Gecko) Chrome/95.0.4638.69 Safari/537.36", "errors": "", "cost": 0.00259187}
2021-11-04T15:00:28.760+0800	INFO	middlewares/request.go:24	/static/icon/feather.svg	{"status": 404, "method": "GET", "path": "/static/icon/feather.svg", "query": "", "ip": "::1", "user-agent": "Mozilla/5.0 (Macintosh; Intel Mac OS X 10_15_4) AppleWebKit/537.36 (KHTML, like Gecko) Chrome/95.0.4638.69 Safari/537.36", "errors": "", "cost": 0.000000736}
2021-11-04T15:00:48.661+0800	INFO	middlewares/request.go:24	/api/v1/login	{"status": 200, "method": "GET", "path": "/api/v1/login", "query": "", "ip": "::1", "user-agent": "Mozilla/5.0 (Macintosh; Intel Mac OS X 10_15_4) AppleWebKit/537.36 (KHTML, like Gecko) Chrome/95.0.4638.69 Safari/537.36", "errors": "", "cost": 0.001060871}
2021-11-04T15:02:36.317+0800	ERROR	controllers/sso.go:53	[LoginHandler]：session.Get	{"error": "securecookie: the value is not valid"}
2021-11-04T15:02:36.319+0800	INFO	middlewares/request.go:24	/api/v1/login	{"status": 200, "method": "GET", "path": "/api/v1/login", "query": "", "ip": "::1", "user-agent": "Mozilla/5.0 (Macintosh; Intel Mac OS X 10_15_4) AppleWebKit/537.36 (KHTML, like Gecko) Chrome/95.0.4638.69 Safari/537.36", "errors": "", "cost": 0.00177799}
2021-11-04T15:02:37.395+0800	ERROR	controllers/sso.go:53	[LoginHandler]：session.Get	{"error": "securecookie: the value is not valid"}
2021-11-04T15:02:37.395+0800	INFO	middlewares/request.go:24	/api/v1/login	{"status": 200, "method": "GET", "path": "/api/v1/login", "query": "", "ip": "::1", "user-agent": "Mozilla/5.0 (Macintosh; Intel Mac OS X 10_15_4) AppleWebKit/537.36 (KHTML, like Gecko) Chrome/95.0.4638.69 Safari/537.36", "errors": "", "cost": 0.000181814}
2021-11-04T15:02:38.120+0800	ERROR	controllers/sso.go:53	[LoginHandler]：session.Get	{"error": "securecookie: the value is not valid"}
2021-11-04T15:02:38.120+0800	INFO	middlewares/request.go:24	/api/v1/login	{"status": 200, "method": "GET", "path": "/api/v1/login", "query": "", "ip": "::1", "user-agent": "Mozilla/5.0 (Macintosh; Intel Mac OS X 10_15_4) AppleWebKit/537.36 (KHTML, like Gecko) Chrome/95.0.4638.69 Safari/537.36", "errors": "", "cost": 0.000218704}
2021-11-04T15:03:35.130+0800	ERROR	controllers/sso.go:53	[LoginHandler]：session.Get	{"error": "securecookie: the value is not valid"}
2021-11-04T15:03:35.131+0800	INFO	middlewares/request.go:24	/api/v1/login	{"status": 200, "method": "GET", "path": "/api/v1/login", "query": "", "ip": "::1", "user-agent": "Mozilla/5.0 (Macintosh; Intel Mac OS X 10_15_4) AppleWebKit/537.36 (KHTML, like Gecko) Chrome/95.0.4638.69 Safari/537.36", "errors": "", "cost": 0.001080467}
2021-11-04T15:03:37.097+0800	ERROR	controllers/sso.go:53	[LoginHandler]：session.Get	{"error": "securecookie: the value is not valid"}
2021-11-04T15:03:37.097+0800	INFO	middlewares/request.go:24	/api/v1/login	{"status": 200, "method": "GET", "path": "/api/v1/login", "query": "", "ip": "::1", "user-agent": "Mozilla/5.0 (Macintosh; Intel Mac OS X 10_15_4) AppleWebKit/537.36 (KHTML, like Gecko) Chrome/95.0.4638.69 Safari/537.36", "errors": "", "cost": 0.000187023}
2021-11-04T15:03:38.209+0800	ERROR	controllers/sso.go:53	[LoginHandler]：session.Get	{"error": "securecookie: the value is not valid"}
2021-11-04T15:03:38.209+0800	INFO	middlewares/request.go:24	/api/v1/login	{"status": 200, "method": "GET", "path": "/api/v1/login", "query": "", "ip": "::1", "user-agent": "Mozilla/5.0 (Macintosh; Intel Mac OS X 10_15_4) AppleWebKit/537.36 (KHTML, like Gecko) Chrome/95.0.4638.69 Safari/537.36", "errors": "", "cost": 0.000126988}
2021-11-04T15:04:23.856+0800	ERROR	controllers/sso.go:59	[LoginHandler]：session.Get
2021-11-04T15:04:23.856+0800	INFO	middlewares/request.go:24	/api/v1/login	{"status": 200, "method": "GET", "path": "/api/v1/login", "query": "", "ip": "::1", "user-agent": "Mozilla/5.0 (Macintosh; Intel Mac OS X 10_15_4) AppleWebKit/537.36 (KHTML, like Gecko) Chrome/95.0.4638.69 Safari/537.36", "errors": "", "cost": 0.000124668}
2021-11-04T15:04:27.986+0800	ERROR	controllers/sso.go:59	[LoginHandler]：session.Get
2021-11-04T15:04:27.986+0800	INFO	middlewares/request.go:24	/api/v1/login	{"status": 200, "method": "GET", "path": "/api/v1/login", "query": "", "ip": "::1", "user-agent": "Mozilla/5.0 (Macintosh; Intel Mac OS X 10_15_4) AppleWebKit/537.36 (KHTML, like Gecko) Chrome/95.0.4638.69 Safari/537.36", "errors": "", "cost": 0.000118901}
2021-11-04T15:04:28.847+0800	ERROR	controllers/sso.go:59	[LoginHandler]：session.Get
2021-11-04T15:04:28.847+0800	INFO	middlewares/request.go:24	/api/v1/login	{"status": 200, "method": "GET", "path": "/api/v1/login", "query": "", "ip": "::1", "user-agent": "Mozilla/5.0 (Macintosh; Intel Mac OS X 10_15_4) AppleWebKit/537.36 (KHTML, like Gecko) Chrome/95.0.4638.69 Safari/537.36", "errors": "", "cost": 0.000125089}
2021-11-04T15:06:24.805+0800	ERROR	controllers/sso.go:59	[LoginHandler]：session.Get
2021-11-04T15:06:24.806+0800	INFO	middlewares/request.go:24	/api/v1/login	{"status": 200, "method": "GET", "path": "/api/v1/login", "query": "", "ip": "::1", "user-agent": "Mozilla/5.0 (Macintosh; Intel Mac OS X 10_15_4) AppleWebKit/537.36 (KHTML, like Gecko) Chrome/95.0.4638.69 Safari/537.36", "errors": "", "cost": 0.000513129}
2021-11-04T15:06:24.868+0800	ERROR	controllers/sso.go:59	[LoginHandler]：session.Get
2021-11-04T15:06:24.868+0800	INFO	middlewares/request.go:24	/api/v1/login	{"status": 200, "method": "GET", "path": "/api/v1/login", "query": "", "ip": "::1", "user-agent": "Mozilla/5.0 (Macintosh; Intel Mac OS X 10_15_4) AppleWebKit/537.36 (KHTML, like Gecko) Chrome/95.0.4638.69 Safari/537.36", "errors": "", "cost": 0.000140734}
2021-11-04T15:06:46.821+0800	ERROR	controllers/sso.go:59	[LoginHandler]：session.Get
2021-11-04T15:06:46.821+0800	INFO	middlewares/request.go:24	/api/v1/login	{"status": 200, "method": "GET", "path": "/api/v1/login", "query": "", "ip": "::1", "user-agent": "Mozilla/5.0 (Macintosh; Intel Mac OS X 10_15_4) AppleWebKit/537.36 (KHTML, like Gecko) Chrome/95.0.4638.69 Safari/537.36", "errors": "", "cost": 0.000111611}
2021-11-04T15:06:48.142+0800	ERROR	controllers/sso.go:59	[LoginHandler]：session.Get
2021-11-04T15:06:48.142+0800	INFO	middlewares/request.go:24	/api/v1/login	{"status": 200, "method": "GET", "path": "/api/v1/login", "query": "", "ip": "::1", "user-agent": "Mozilla/5.0 (Macintosh; Intel Mac OS X 10_15_4) AppleWebKit/537.36 (KHTML, like Gecko) Chrome/95.0.4638.69 Safari/537.36", "errors": "", "cost": 0.000126659}
2021-11-04T15:07:08.686+0800	INFO	middlewares/request.go:24	/api/v1/authorize	{"status": 302, "method": "GET", "path": "/api/v1/authorize", "query": "client_id=client_1&response_type=code&scope=all&state=xyz&redirect_uri=http://localhost:9093/cb", "ip": "::1", "user-agent": "Mozilla/5.0 (Macintosh; Intel Mac OS X 10_15_4) AppleWebKit/537.36 (KHTML, like Gecko) Chrome/95.0.4638.69 Safari/537.36", "errors": "", "cost": 0.001069022}
2021-11-04T15:07:08.695+0800	INFO	middlewares/request.go:24	/api/v1/login	{"status": 200, "method": "GET", "path": "/api/v1/login", "query": "", "ip": "::1", "user-agent": "Mozilla/5.0 (Macintosh; Intel Mac OS X 10_15_4) AppleWebKit/537.36 (KHTML, like Gecko) Chrome/95.0.4638.69 Safari/537.36", "errors": "", "cost": 0.003150097}
2021-11-04T15:07:14.147+0800	INFO	middlewares/request.go:24	/api/v1/login	{"status": 200, "method": "GET", "path": "/api/v1/login", "query": "", "ip": "::1", "user-agent": "Mozilla/5.0 (Macintosh; Intel Mac OS X 10_15_4) AppleWebKit/537.36 (KHTML, like Gecko) Chrome/95.0.4638.69 Safari/537.36", "errors": "", "cost": 0.001334361}
2021-11-04T15:08:09.424+0800	INFO	middlewares/request.go:24	/login	{"status": 404, "method": "POST", "path": "/login", "query": "", "ip": "::1", "user-agent": "Mozilla/5.0 (Macintosh; Intel Mac OS X 10_15_4) AppleWebKit/537.36 (KHTML, like Gecko) Chrome/95.0.4638.69 Safari/537.36", "errors": "", "cost": 0.000002065}
2021-11-04T15:08:09.572+0800	INFO	middlewares/request.go:24	/login	{"status": 404, "method": "GET", "path": "/login", "query": "", "ip": "::1", "user-agent": "Mozilla/5.0 (Macintosh; Intel Mac OS X 10_15_4) AppleWebKit/537.36 (KHTML, like Gecko) Chrome/95.0.4638.69 Safari/537.36", "errors": "", "cost": 0.000000768}
